{
  "RSpec": {
    "coverage": {
      "/Users/evand/challenges/breakable-toy/currerace/app/models/user.rb": [
        1,
        null,
        null,
        1,
        null,
        null
      ],
      "/Users/evand/challenges/breakable-toy/currerace/app/models/application_record.rb": [
        1,
        1,
        null
      ],
      "/Users/evand/challenges/breakable-toy/currerace/app/controllers/application_controller.rb": [
        1,
        null,
        null,
        1,
        null
      ],
      "/Users/evand/challenges/breakable-toy/currerace/app/controllers/homes_controller.rb": [
        1,
        1,
        null,
        null
      ]
    },
    "timestamp": 1525556272
  }
}
