{
  "RSpec": {
    "coverage": {
      "/Users/evand/challenges/breakable-toy/currerace/app/models/user.rb": [
        1,
        null,
        null,
        1,
        null,
        null,
        1,
        1,
        null
      ],
      "/Users/evand/challenges/breakable-toy/currerace/app/models/application_record.rb": [
        1,
        1,
        null
      ],
      "/Users/evand/challenges/breakable-toy/currerace/app/controllers/application_controller.rb": [
        0,
        null,
        null,
        0,
        0
      ],
      "/Users/evand/challenges/breakable-toy/currerace/app/controllers/homes_controller.rb": [
        0,
        0,
        0,
        0
      ]
    },
    "timestamp": 1525574822
  }
}
